<?xml version="1.0" encoding="utf-8"?><testsuites name="pytest tests"><testsuite name="pytest" errors="0" failures="0" skipped="0" tests="69" time="0.942" timestamp="2025-08-21T21:37:19.993757+09:00" hostname="Oxgen-Delibery-SystemnoMac-mini.local"><testcase classname="tests.test_api.TestAPIEndpoints" name="test_root_endpoint" time="0.006" /><testcase classname="tests.test_api.TestAPIEndpoints" name="test_health_endpoint" time="0.012" /><testcase classname="tests.test_api.TestAPIEndpoints" name="test_info_endpoint" time="0.010" /><testcase classname="tests.test_api.TestAPIEndpoints" name="test_query_endpoint_success" time="0.165" /><testcase classname="tests.test_api.TestAPIEndpoints" name="test_query_endpoint_no_results" time="0.010" /><testcase classname="tests.test_api.TestAPIEndpoints" name="test_query_endpoint_numeric_id" time="0.009" /><testcase classname="tests.test_api.TestAPIEndpoints" name="test_query_endpoint_invalid_date_format" time="0.002" /><testcase classname="tests.test_api.TestAPIEndpoints" name="test_query_endpoint_invalid_date_range" time="0.002" /><testcase classname="tests.test_api.TestAPIEndpoints" name="test_query_endpoint_missing_fields" time="0.010" /><testcase classname="tests.test_api.TestAPIEndpoints" name="test_query_endpoint_empty_fields" time="0.002" /><testcase classname="tests.test_api.TestAPIEndpoints" name="test_query_endpoint_invalid_json" time="0.001" /><testcase classname="tests.test_api.TestAPIEndpoints" name="test_query_endpoint_wrong_content_type" time="0.002" /><testcase classname="tests.test_api.TestAPIEndpoints" name="test_query_endpoint_response_structure" time="0.009" /><testcase classname="tests.test_api.TestAPIEndpoints" name="test_cors_headers" time="0.001" /><testcase classname="tests.test_api.TestAPIEndpoints" name="test_query_endpoint_edge_cases" time="0.010" /><testcase classname="tests.test_api.TestAPIEndpoints" name="test_query_endpoint_leap_year" time="0.010" /><testcase classname="tests.test_api.TestAPIEndpoints" name="test_query_endpoint_invalid_leap_year" time="0.002" /><testcase classname="tests.test_api.TestAPIEndpoints" name="test_multiple_requests_same_client" time="0.011" /><testcase classname="tests.test_api.TestAPIEndpoints" name="test_query_endpoint_optional_fields_all_data" time="0.009" /><testcase classname="tests.test_api.TestAPIEndpoints" name="test_query_endpoint_optional_fields_id_only" time="0.010" /><testcase classname="tests.test_api.TestAPIEndpoints" name="test_query_endpoint_optional_fields_environment_only" time="0.010" /><testcase classname="tests.test_api.TestAPIEndpoints" name="test_query_endpoint_optional_fields_date_range_only" time="0.010" /><testcase classname="tests.test_api.TestAPIEndpoints" name="test_query_endpoint_optional_fields_from_date_only" time="0.009" /><testcase classname="tests.test_api.TestAPIEndpoints" name="test_query_endpoint_optional_fields_to_date_only" time="0.009" /><testcase classname="tests.test_api.TestAPIEndpoints" name="test_query_endpoint_optional_fields_null_values" time="0.009" /><testcase classname="tests.test_api.TestAPIEndpoints" name="test_query_endpoint_optional_fields_mixed_filters" time="0.009" /><testcase classname="tests.test_api.TestFeatherAPIEndpoints" name="test_feather_endpoint_success" time="0.015" /><testcase classname="tests.test_api.TestFeatherAPIEndpoints" name="test_feather_endpoint_no_results" time="0.012" /><testcase classname="tests.test_api.TestFeatherAPIEndpoints" name="test_feather_endpoint_all_data" time="0.013" /><testcase classname="tests.test_api.TestFeatherAPIEndpoints" name="test_feather_endpoint_filename_generation" time="0.029" /><testcase classname="tests.test_api.TestFeatherAPIEndpoints" name="test_feather_endpoint_data_integrity" time="0.014" /><testcase classname="tests.test_api.TestFeatherAPIEndpoints" name="test_feather_endpoint_invalid_date_format" time="0.002" /><testcase classname="tests.test_api.TestFeatherAPIEndpoints" name="test_feather_endpoint_invalid_date_range" time="0.002" /><testcase classname="tests.test_api.TestFeatherAPIEndpoints" name="test_feather_endpoint_environment_filter" time="0.012" /><testcase classname="tests.test_api.TestFeatherAPIEndpoints" name="test_feather_endpoint_mixed_filters" time="0.012" /><testcase classname="tests.test_api.TestFeatherAPIEndpoints" name="test_feather_endpoint_performance" time="0.015" /><testcase classname="tests.test_database.TestDatabaseService" name="test_connection_creation" time="0.009" /><testcase classname="tests.test_database.TestDatabaseService" name="test_sample_data_initialization" time="0.011" /><testcase classname="tests.test_database.TestDatabaseService" name="test_query_events_existing_id" time="0.011" /><testcase classname="tests.test_database.TestDatabaseService" name="test_query_events_non_existing_id" time="0.009" /><testcase classname="tests.test_database.TestDatabaseService" name="test_query_events_date_range_filter" time="0.010" /><testcase classname="tests.test_database.TestDatabaseService" name="test_query_events_no_results_in_range" time="0.009" /><testcase classname="tests.test_database.TestDatabaseService" name="test_query_events_ordered_by_date" time="0.010" /><testcase classname="tests.test_database.TestDatabaseService" name="test_query_events_data_types" time="0.011" /><testcase classname="tests.test_database.TestDatabaseService" name="test_get_table_info" time="0.011" /><testcase classname="tests.test_database.TestDatabaseService" name="test_connection_reuse" time="0.009" /><testcase classname="tests.test_database.TestDatabaseService" name="test_close_connection" time="0.015" /><testcase classname="tests.test_database.TestDatabaseService" name="test_multiple_database_instances" time="0.022" /><testcase classname="tests.test_database.TestDatabaseService" name="test_parameterized_query_safety" time="0.011" /><testcase classname="tests.test_database.TestDatabaseService" name="test_edge_case_date_ranges" time="0.010" /><testcase classname="tests.test_database.TestDatabaseService" name="test_parquet_integration" time="0.025" /><testcase classname="tests.test_database.TestDatabaseService" name="test_parquet_export" time="0.023" /><testcase classname="tests.test_models.TestQueryPayload" name="test_valid_payload" time="0.000" /><testcase classname="tests.test_models.TestQueryPayload" name="test_valid_payload_with_numeric_id" time="0.000" /><testcase classname="tests.test_models.TestQueryPayload" name="test_invalid_date_format" time="0.000" /><testcase classname="tests.test_models.TestQueryPayload" name="test_invalid_date_format_multiple_fields" time="0.000" /><testcase classname="tests.test_models.TestQueryPayload" name="test_date_range_validation_from_after_to" time="0.000" /><testcase classname="tests.test_models.TestQueryPayload" name="test_missing_required_fields" time="0.000" /><testcase classname="tests.test_models.TestQueryPayload" name="test_empty_string_dates" time="0.000" /><testcase classname="tests.test_models.TestQueryPayload" name="test_get_parsed_dates" time="0.000" /><testcase classname="tests.test_models.TestQueryPayload" name="test_get_parsed_dates_with_nulls" time="0.000" /><testcase classname="tests.test_models.TestQueryPayload" name="test_leap_year_date" time="0.000" /><testcase classname="tests.test_models.TestQueryPayload" name="test_invalid_leap_year_date" time="0.000" /><testcase classname="tests.test_models.TestQueryPayload" name="test_edge_case_dates" time="0.000" /><testcase classname="tests.test_models.TestQueryResponse" name="test_valid_response" time="0.000" /><testcase classname="tests.test_models.TestQueryResponse" name="test_empty_response" time="0.000" /><testcase classname="tests.test_models.TestErrorResponse" name="test_basic_error_response" time="0.000" /><testcase classname="tests.test_models.TestErrorResponse" name="test_error_response_with_details" time="0.000" /><testcase classname="tests.test_models.TestValidationErrorResponse" name="test_validation_error_response" time="0.000" /></testsuite></testsuites>